{"C:\\Users\\julie\\Desktop\\All\\Important\\Polytech\\Inge_3\\Architecture orienté service\\Service-oriented-architecture\\auth-service\\src\\app.js": {"path":"C:\\Users\\julie\\Desktop\\All\\Important\\Polytech\\Inge_3\\Architecture orienté service\\Service-oriented-architecture\\auth-service\\src\\app.js","statementMap":{"0":{"start":{"line":1,"column":16},"end":{"line":1,"column":34}},"1":{"start":{"line":2,"column":21},"end":{"line":2,"column":53}},"2":{"start":{"line":3,"column":19},"end":{"line":3,"column":49}},"3":{"start":{"line":4,"column":21},"end":{"line":4,"column":45}},"4":{"start":{"line":6,"column":12},"end":{"line":6,"column":21}},"5":{"start":{"line":7,"column":0},"end":{"line":7,"column":24}},"6":{"start":{"line":8,"column":0},"end":{"line":8,"column":24}},"7":{"start":{"line":10,"column":0},"end":{"line":10,"column":27}},"8":{"start":{"line":12,"column":0},"end":{"line":14,"column":3}},"9":{"start":{"line":13,"column":2},"end":{"line":13,"column":39}},"10":{"start":{"line":16,"column":0},"end":{"line":16,"column":33}},"11":{"start":{"line":18,"column":0},"end":{"line":18,"column":21}}},"fnMap":{"0":{"name":"(anonymous_0)","decl":{"start":{"line":12,"column":13},"end":{"line":12,"column":14}},"loc":{"start":{"line":12,"column":27},"end":{"line":14,"column":1}},"line":12}},"branchMap":{},"s":{"0":1,"1":1,"2":1,"3":1,"4":1,"5":1,"6":1,"7":1,"8":1,"9":0,"10":1,"11":1},"f":{"0":0},"b":{},"_coverageSchema":"1a1c01bbd47fc00a2c39e90264f33305004495a9","hash":"6f202a4f6a3e431fcb5607725e2b2e50a62468cc"}
,"C:\\Users\\julie\\Desktop\\All\\Important\\Polytech\\Inge_3\\Architecture orienté service\\Service-oriented-architecture\\auth-service\\src\\prismaClient.js": {"path":"C:\\Users\\julie\\Desktop\\All\\Important\\Polytech\\Inge_3\\Architecture orienté service\\Service-oriented-architecture\\auth-service\\src\\prismaClient.js","statementMap":{"0":{"start":{"line":1,"column":25},"end":{"line":1,"column":50}},"1":{"start":{"line":3,"column":15},"end":{"line":3,"column":33}},"2":{"start":{"line":5,"column":0},"end":{"line":5,"column":24}}},"fnMap":{},"branchMap":{},"s":{"0":2,"1":2,"2":2},"f":{},"b":{},"_coverageSchema":"1a1c01bbd47fc00a2c39e90264f33305004495a9","hash":"8a195f1ab25e1191128eee402e5d6e1c54924189"}
,"C:\\Users\\julie\\Desktop\\All\\Important\\Polytech\\Inge_3\\Architecture orienté service\\Service-oriented-architecture\\auth-service\\src\\config\\envConfig.js": {"path":"C:\\Users\\julie\\Desktop\\All\\Important\\Polytech\\Inge_3\\Architecture orienté service\\Service-oriented-architecture\\auth-service\\src\\config\\envConfig.js","statementMap":{"0":{"start":{"line":1,"column":15},"end":{"line":1,"column":32}},"1":{"start":{"line":5,"column":2},"end":{"line":5,"column":66}},"2":{"start":{"line":7,"column":0},"end":{"line":7,"column":33}},"3":{"start":{"line":9,"column":0},"end":{"line":13,"column":2}}},"fnMap":{},"branchMap":{"0":{"loc":{"start":{"line":5,"column":2},"end":{"line":5,"column":66}},"type":"cond-expr","locations":[{"start":{"line":5,"column":42},"end":{"line":5,"column":53}},{"start":{"line":5,"column":56},"end":{"line":5,"column":66}}],"line":5}},"s":{"0":5,"1":5,"2":5,"3":5},"f":{},"b":{"0":[0,5]},"_coverageSchema":"1a1c01bbd47fc00a2c39e90264f33305004495a9","hash":"b0dc090dbf6a8ec94e5f682512ff981fe8c52137"}
,"C:\\Users\\julie\\Desktop\\All\\Important\\Polytech\\Inge_3\\Architecture orienté service\\Service-oriented-architecture\\auth-service\\src\\controllers\\authController.js": {"path":"C:\\Users\\julie\\Desktop\\All\\Important\\Polytech\\Inge_3\\Architecture orienté service\\Service-oriented-architecture\\auth-service\\src\\controllers\\authController.js","statementMap":{"0":{"start":{"line":1,"column":20},"end":{"line":1,"column":54}},"1":{"start":{"line":3,"column":0},"end":{"line":11,"column":2}},"2":{"start":{"line":4,"column":2},"end":{"line":10,"column":3}},"3":{"start":{"line":5,"column":35},"end":{"line":5,"column":43}},"4":{"start":{"line":6,"column":4},"end":{"line":6,"column":51}},"5":{"start":{"line":7,"column":4},"end":{"line":7,"column":70}},"6":{"start":{"line":9,"column":4},"end":{"line":9,"column":51}},"7":{"start":{"line":13,"column":0},"end":{"line":31,"column":2}},"8":{"start":{"line":14,"column":2},"end":{"line":30,"column":3}},"9":{"start":{"line":15,"column":35},"end":{"line":15,"column":43}},"10":{"start":{"line":16,"column":42},"end":{"line":19,"column":5}},"11":{"start":{"line":21,"column":4},"end":{"line":25,"column":7}},"12":{"start":{"line":27,"column":4},"end":{"line":27,"column":30}},"13":{"start":{"line":29,"column":4},"end":{"line":29,"column":51}}},"fnMap":{"0":{"name":"(anonymous_0)","decl":{"start":{"line":3,"column":19},"end":{"line":3,"column":20}},"loc":{"start":{"line":3,"column":39},"end":{"line":11,"column":1}},"line":3},"1":{"name":"(anonymous_1)","decl":{"start":{"line":13,"column":16},"end":{"line":13,"column":17}},"loc":{"start":{"line":13,"column":36},"end":{"line":31,"column":1}},"line":13}},"branchMap":{},"s":{"0":1,"1":1,"2":2,"3":2,"4":2,"5":1,"6":1,"7":1,"8":1,"9":1,"10":1,"11":1,"12":1,"13":0},"f":{"0":2,"1":1},"b":{},"_coverageSchema":"1a1c01bbd47fc00a2c39e90264f33305004495a9","hash":"bba34307e1c21a23917ae96e923becee1644407b"}
,"C:\\Users\\julie\\Desktop\\All\\Important\\Polytech\\Inge_3\\Architecture orienté service\\Service-oriented-architecture\\auth-service\\src\\middlewares\\authMiddleware.js": {"path":"C:\\Users\\julie\\Desktop\\All\\Important\\Polytech\\Inge_3\\Architecture orienté service\\Service-oriented-architecture\\auth-service\\src\\middlewares\\authMiddleware.js","statementMap":{"0":{"start":{"line":1,"column":19},"end":{"line":1,"column":49}},"1":{"start":{"line":3,"column":0},"end":{"line":17,"column":2}},"2":{"start":{"line":4,"column":21},"end":{"line":4,"column":48}},"3":{"start":{"line":5,"column":16},"end":{"line":5,"column":41}},"4":{"start":{"line":7,"column":2},"end":{"line":9,"column":3}},"5":{"start":{"line":8,"column":4},"end":{"line":8,"column":70}},"6":{"start":{"line":11,"column":2},"end":{"line":16,"column":3}},"7":{"start":{"line":12,"column":4},"end":{"line":12,"column":45}},"8":{"start":{"line":13,"column":4},"end":{"line":13,"column":11}},"9":{"start":{"line":15,"column":4},"end":{"line":15,"column":66}}},"fnMap":{"0":{"name":"(anonymous_0)","decl":{"start":{"line":3,"column":28},"end":{"line":3,"column":29}},"loc":{"start":{"line":3,"column":48},"end":{"line":17,"column":1}},"line":3}},"branchMap":{"0":{"loc":{"start":{"line":7,"column":2},"end":{"line":9,"column":3}},"type":"if","locations":[{"start":{"line":7,"column":2},"end":{"line":9,"column":3}},{"start":{},"end":{}}],"line":7}},"s":{"0":2,"1":2,"2":3,"3":3,"4":3,"5":1,"6":2,"7":2,"8":1,"9":1},"f":{"0":3},"b":{"0":[1,2]},"_coverageSchema":"1a1c01bbd47fc00a2c39e90264f33305004495a9","hash":"90b9d5d3981f449b3a66504b7c0dc21c80f91a3d"}
,"C:\\Users\\julie\\Desktop\\All\\Important\\Polytech\\Inge_3\\Architecture orienté service\\Service-oriented-architecture\\auth-service\\src\\repositories\\authRepository.js": {"path":"C:\\Users\\julie\\Desktop\\All\\Important\\Polytech\\Inge_3\\Architecture orienté service\\Service-oriented-architecture\\auth-service\\src\\repositories\\authRepository.js","statementMap":{"0":{"start":{"line":1,"column":15},"end":{"line":1,"column":41}},"1":{"start":{"line":5,"column":4},"end":{"line":7,"column":7}},"2":{"start":{"line":11,"column":4},"end":{"line":13,"column":7}},"3":{"start":{"line":17,"column":0},"end":{"line":17,"column":38}}},"fnMap":{"0":{"name":"(anonymous_0)","decl":{"start":{"line":4,"column":2},"end":{"line":4,"column":3}},"loc":{"start":{"line":4,"column":37},"end":{"line":8,"column":3}},"line":4},"1":{"name":"(anonymous_1)","decl":{"start":{"line":10,"column":2},"end":{"line":10,"column":3}},"loc":{"start":{"line":10,"column":45},"end":{"line":14,"column":3}},"line":10}},"branchMap":{},"s":{"0":2,"1":0,"2":0,"3":2},"f":{"0":0,"1":0},"b":{},"_coverageSchema":"1a1c01bbd47fc00a2c39e90264f33305004495a9","hash":"d02c6e369404724f89498821cf6d73413b93cac1"}
,"C:\\Users\\julie\\Desktop\\All\\Important\\Polytech\\Inge_3\\Architecture orienté service\\Service-oriented-architecture\\auth-service\\src\\routes\\authRoutes.js": {"path":"C:\\Users\\julie\\Desktop\\All\\Important\\Polytech\\Inge_3\\Architecture orienté service\\Service-oriented-architecture\\auth-service\\src\\routes\\authRoutes.js","statementMap":{"0":{"start":{"line":1,"column":16},"end":{"line":1,"column":34}},"1":{"start":{"line":2,"column":23},"end":{"line":2,"column":63}},"2":{"start":{"line":3,"column":30},"end":{"line":3,"column":70}},"3":{"start":{"line":5,"column":15},"end":{"line":5,"column":31}},"4":{"start":{"line":7,"column":0},"end":{"line":7,"column":50}},"5":{"start":{"line":8,"column":0},"end":{"line":8,"column":44}},"6":{"start":{"line":10,"column":0},"end":{"line":12,"column":3}},"7":{"start":{"line":11,"column":2},"end":{"line":11,"column":72}},"8":{"start":{"line":14,"column":0},"end":{"line":14,"column":24}}},"fnMap":{"0":{"name":"(anonymous_0)","decl":{"start":{"line":10,"column":44},"end":{"line":10,"column":45}},"loc":{"start":{"line":10,"column":58},"end":{"line":12,"column":1}},"line":10}},"branchMap":{},"s":{"0":1,"1":1,"2":1,"3":1,"4":1,"5":1,"6":1,"7":0,"8":1},"f":{"0":0},"b":{},"_coverageSchema":"1a1c01bbd47fc00a2c39e90264f33305004495a9","hash":"c8f358dd94b2f7aab95004a03aaf0f630b0199d2"}
,"C:\\Users\\julie\\Desktop\\All\\Important\\Polytech\\Inge_3\\Architecture orienté service\\Service-oriented-architecture\\auth-service\\src\\services\\authService.js": {"path":"C:\\Users\\julie\\Desktop\\All\\Important\\Polytech\\Inge_3\\Architecture orienté service\\Service-oriented-architecture\\auth-service\\src\\services\\authService.js","statementMap":{"0":{"start":{"line":1,"column":15},"end":{"line":1,"column":34}},"1":{"start":{"line":2,"column":23},"end":{"line":2,"column":64}},"2":{"start":{"line":3,"column":19},"end":{"line":3,"column":49}},"3":{"start":{"line":7,"column":25},"end":{"line":7,"column":74}},"4":{"start":{"line":8,"column":4},"end":{"line":10,"column":5}},"5":{"start":{"line":9,"column":6},"end":{"line":9,"column":45}},"6":{"start":{"line":12,"column":27},"end":{"line":12,"column":58}},"7":{"start":{"line":13,"column":4},"end":{"line":13,"column":62}},"8":{"start":{"line":17,"column":17},"end":{"line":17,"column":66}},"9":{"start":{"line":18,"column":4},"end":{"line":20,"column":5}},"10":{"start":{"line":19,"column":6},"end":{"line":19,"column":54}},"11":{"start":{"line":22,"column":20},"end":{"line":22,"column":65}},"12":{"start":{"line":23,"column":4},"end":{"line":25,"column":5}},"13":{"start":{"line":24,"column":6},"end":{"line":24,"column":54}},"14":{"start":{"line":27,"column":4},"end":{"line":27,"column":61}},"15":{"start":{"line":31,"column":0},"end":{"line":31,"column":35}}},"fnMap":{"0":{"name":"(anonymous_0)","decl":{"start":{"line":6,"column":2},"end":{"line":6,"column":3}},"loc":{"start":{"line":6,"column":37},"end":{"line":14,"column":3}},"line":6},"1":{"name":"(anonymous_1)","decl":{"start":{"line":16,"column":2},"end":{"line":16,"column":3}},"loc":{"start":{"line":16,"column":34},"end":{"line":28,"column":3}},"line":16}},"branchMap":{"0":{"loc":{"start":{"line":8,"column":4},"end":{"line":10,"column":5}},"type":"if","locations":[{"start":{"line":8,"column":4},"end":{"line":10,"column":5}},{"start":{},"end":{}}],"line":8},"1":{"loc":{"start":{"line":18,"column":4},"end":{"line":20,"column":5}},"type":"if","locations":[{"start":{"line":18,"column":4},"end":{"line":20,"column":5}},{"start":{},"end":{}}],"line":18},"2":{"loc":{"start":{"line":23,"column":4},"end":{"line":25,"column":5}},"type":"if","locations":[{"start":{"line":23,"column":4},"end":{"line":25,"column":5}},{"start":{},"end":{}}],"line":23}},"s":{"0":2,"1":2,"2":2,"3":1,"4":1,"5":0,"6":1,"7":1,"8":1,"9":1,"10":0,"11":1,"12":1,"13":0,"14":1,"15":2},"f":{"0":1,"1":1},"b":{"0":[0,1],"1":[0,1],"2":[0,1]},"_coverageSchema":"1a1c01bbd47fc00a2c39e90264f33305004495a9","hash":"22058177fb60c7682eb8245ff5606ea42373a100"}
,"C:\\Users\\julie\\Desktop\\All\\Important\\Polytech\\Inge_3\\Architecture orienté service\\Service-oriented-architecture\\auth-service\\src\\utils\\tokenUtils.js": {"path":"C:\\Users\\julie\\Desktop\\All\\Important\\Polytech\\Inge_3\\Architecture orienté service\\Service-oriented-architecture\\auth-service\\src\\utils\\tokenUtils.js","statementMap":{"0":{"start":{"line":1,"column":12},"end":{"line":1,"column":35}},"1":{"start":{"line":2,"column":43},"end":{"line":2,"column":73}},"2":{"start":{"line":6,"column":24},"end":{"line":8,"column":6}},"3":{"start":{"line":10,"column":25},"end":{"line":12,"column":6}},"4":{"start":{"line":14,"column":4},"end":{"line":14,"column":41}},"5":{"start":{"line":18,"column":4},"end":{"line":18,"column":41}},"6":{"start":{"line":22,"column":4},"end":{"line":22,"column":49}},"7":{"start":{"line":26,"column":0},"end":{"line":26,"column":34}}},"fnMap":{"0":{"name":"(anonymous_0)","decl":{"start":{"line":5,"column":2},"end":{"line":5,"column":3}},"loc":{"start":{"line":5,"column":35},"end":{"line":15,"column":3}},"line":5},"1":{"name":"(anonymous_1)","decl":{"start":{"line":17,"column":2},"end":{"line":17,"column":3}},"loc":{"start":{"line":17,"column":21},"end":{"line":19,"column":3}},"line":17},"2":{"name":"(anonymous_2)","decl":{"start":{"line":21,"column":2},"end":{"line":21,"column":3}},"loc":{"start":{"line":21,"column":28},"end":{"line":23,"column":3}},"line":21}},"branchMap":{},"s":{"0":5,"1":5,"2":1,"3":1,"4":1,"5":1,"6":0,"7":5},"f":{"0":1,"1":1,"2":0},"b":{},"_coverageSchema":"1a1c01bbd47fc00a2c39e90264f33305004495a9","hash":"becefced3d4e2cfdb23f4efe52846a1ac76f8860"}
}
